# JRE version: OpenJDK Runtime Environment Temurin-21.0.10+7 (21.0.10+7) (build 21.0.10+7-LTS)
# Java VM: OpenJDK 64-Bit Server VM Temurin-21.0.10+7 (21.0.10+7-LTS, mixed mode, sharing, tiered, compressed oops, compressed class ptrs, parallel gc, windows-amd64)
GC Precious Log:
 CardTable entry size: 512
 CPUs: 12 total, 12 available
 Memory: 7893M
 Large Page Support: Disabled
 NUMA Support: Disabled
 Compressed Oops: Enabled (32-bit)
 Alignments: Space 512K, Generation 512K, Heap 2M
 Heap Min Capacity: 100M
 Heap Initial Capacity: 100M
 Heap Max Capacity: 2G
 Pre-touch: Disabled
 Parallel Workers: 10
Heap:
 PSYoungGen      total 5632K, used 3878K [0x00000000d5580000, 0x00000000d5c00000, 0x0000000100000000)
  eden space 5120K, 68% used [0x00000000d5580000,0x00000000d58f2f00,0x00000000d5a80000)
  from space 512K, 67% used [0x00000000d5a80000,0x00000000d5ad6900,0x00000000d5b00000)
  to   space 512K, 0% used [0x00000000d5b80000,0x00000000d5b80000,0x00000000d5c00000)
 ParOldGen       total 1182208K, used 1182123K [0x0000000080000000, 0x00000000c8280000, 0x00000000d5580000)
  object space 1182208K, 99% used [0x0000000080000000,0x00000000c826ad68,0x00000000c8280000)
 Metaspace       used 71564K, committed 73344K, reserved 1114112K
  class space    used 7450K, committed 8256K, reserved 1048576K
GC Heap History (20 events):
Event: 674.333 GC heap before
{Heap before GC invocations=1607 (full 3):
 PSYoungGen      total 4608K, used 3072K [0x00000000d5580000, 0x00000000d5b80000, 0x0000000100000000)
  eden space 4096K, 62% used [0x00000000d5580000,0x00000000d5800348,0x00000000d5980000)
  from space 512K, 100% used [0x00000000d5a00000,0x00000000d5a80000,0x00000000d5a80000)
  to   space 1024K, 0% used [0x00000000d5a80000,0x00000000d5a80000,0x00000000d5b80000)
 ParOldGen       total 1180160K, used 1180034K [0x0000000080000000, 0x00000000c8080000, 0x00000000d5580000)
  object space 1180160K, 99% used [0x0000000080000000,0x00000000c8060968,0x00000000c8080000)
 Metaspace       used 71469K, committed 73280K, reserved 1114112K
  class space    used 7439K, committed 8256K, reserved 1048576K
}
Event: 674.336 GC heap after
{Heap after GC invocations=1607 (full 3):
 PSYoungGen      total 4608K, used 128K [0x00000000d5580000, 0x00000000d5b00000, 0x0000000100000000)
  eden space 4096K, 0% used [0x00000000d5580000,0x00000000d5580000,0x00000000d5980000)
  from space 512K, 25% used [0x00000000d5a80000,0x00000000d5aa0000,0x00000000d5b00000)
  to   space 512K, 0% used [0x00000000d5a00000,0x00000000d5a00000,0x00000000d5a80000)
 ParOldGen       total 1180672K, used 1180522K [0x0000000080000000, 0x00000000c8100000, 0x00000000d5580000)
  object space 1180672K, 99% used [0x0000000080000000,0x00000000c80da968,0x00000000c8100000)
 Metaspace       used 71469K, committed 73280K, reserved 1114112K
  class space    used 7439K, committed 8256K, reserved 1048576K
}
Event: 674.439 GC heap before
{Heap before GC invocations=1608 (full 3):
 PSYoungGen      total 4608K, used 3761K [0x00000000d5580000, 0x00000000d5b00000, 0x0000000100000000)
  eden space 4096K, 88% used [0x00000000d5580000,0x00000000d590c5e8,0x00000000d5980000)
  from space 512K, 25% used [0x00000000d5a80000,0x00000000d5aa0000,0x00000000d5b00000)
  to   space 512K, 0% used [0x00000000d5a00000,0x00000000d5a00000,0x00000000d5a80000)
 ParOldGen       total 1180672K, used 1180522K [0x0000000080000000, 0x00000000c8100000, 0x00000000d5580000)
  object space 1180672K, 99% used [0x0000000080000000,0x00000000c80da968,0x00000000c8100000)
 Metaspace       used 71506K, committed 73344K, reserved 1114112K
  class space    used 7446K, committed 8256K, reserved 1048576K
}
Event: 674.444 GC heap after
{Heap after GC invocations=1608 (full 3):
 PSYoungGen      total 4608K, used 480K [0x00000000d5580000, 0x00000000d5b80000, 0x0000000100000000)
  eden space 4096K, 0% used [0x00000000d5580000,0x00000000d5580000,0x00000000d5980000)
  from space 512K, 93% used [0x00000000d5a00000,0x00000000d5a78010,0x00000000d5a80000)
  to   space 1024K, 0% used [0x00000000d5a80000,0x00000000d5a80000,0x00000000d5b80000)
 ParOldGen       total 1180672K, used 1180538K [0x0000000080000000, 0x00000000c8100000, 0x00000000d5580000)
  object space 1180672K, 99% used [0x0000000080000000,0x00000000c80de968,0x00000000c8100000)
 Metaspace       used 71506K, committed 73344K, reserved 1114112K
  class space    used 7446K, committed 8256K, reserved 1048576K
}
Event: 674.621 GC heap before
{Heap before GC invocations=1609 (full 3):
 PSYoungGen      total 4608K, used 3985K [0x00000000d5580000, 0x00000000d5b80000, 0x0000000100000000)
  eden space 4096K, 85% used [0x00000000d5580000,0x00000000d58ec7c0,0x00000000d5980000)
  from space 512K, 93% used [0x00000000d5a00000,0x00000000d5a78010,0x00000000d5a80000)
  to   space 1024K, 0% used [0x00000000d5a80000,0x00000000d5a80000,0x00000000d5b80000)
 ParOldGen       total 1180672K, used 1180538K [0x0000000080000000, 0x00000000c8100000, 0x00000000d5580000)
  object space 1180672K, 99% used [0x0000000080000000,0x00000000c80de968,0x00000000c8100000)
 Metaspace       used 71508K, committed 73344K, reserved 1114112K
  class space    used 7447K, committed 8256K, reserved 1048576K
}
Event: 674.625 GC heap after
{Heap after GC invocations=1609 (full 3):
 PSYoungGen      total 4608K, used 288K [0x00000000d5580000, 0x00000000d5b00000, 0x0000000100000000)
  eden space 4096K, 0% used [0x00000000d5580000,0x00000000d5580000,0x00000000d5980000)
  from space 512K, 56% used [0x00000000d5a80000,0x00000000d5ac8000,0x00000000d5b00000)
  to   space 512K, 0% used [0x00000000d5a00000,0x00000000d5a00000,0x00000000d5a80000)
 ParOldGen       total 1180672K, used 1180634K [0x0000000080000000, 0x00000000c8100000, 0x00000000d5580000)
  object space 1180672K, 99% used [0x0000000080000000,0x00000000c80f6968,0x00000000c8100000)
 Metaspace       used 71508K, committed 73344K, reserved 1114112K
  class space    used 7447K, committed 8256K, reserved 1048576K
}
Event: 674.659 GC heap before
{Heap before GC invocations=1610 (full 3):
 PSYoungGen      total 4608K, used 4384K [0x00000000d5580000, 0x00000000d5b00000, 0x0000000100000000)
  eden space 4096K, 100% used [0x00000000d5580000,0x00000000d5980000,0x00000000d5980000)
  from space 512K, 56% used [0x00000000d5a80000,0x00000000d5ac8000,0x00000000d5b00000)
  to   space 512K, 0% used [0x00000000d5a00000,0x00000000d5a00000,0x00000000d5a80000)
 ParOldGen       total 1180672K, used 1180634K [0x0000000080000000, 0x00000000c8100000, 0x00000000d5580000)
  object space 1180672K, 99% used [0x0000000080000000,0x00000000c80f6968,0x00000000c8100000)
 Metaspace       used 71512K, committed 73344K, reserved 1114112K
  class space    used 7447K, committed 8256K, reserved 1048576K
}
Event: 674.662 GC heap after
{Heap after GC invocations=1610 (full 3):
 PSYoungGen      total 4608K, used 506K [0x00000000d5580000, 0x00000000d5b80000, 0x0000000100000000)
  eden space 4096K, 0% used [0x00000000d5580000,0x00000000d5580000,0x00000000d5980000)
  from space 512K, 98% used [0x00000000d5a00000,0x00000000d5a7e900,0x00000000d5a80000)
  to   space 1024K, 0% used [0x00000000d5a80000,0x00000000d5a80000,0x00000000d5b80000)
 ParOldGen       total 1181184K, used 1180706K [0x0000000080000000, 0x00000000c8180000, 0x00000000d5580000)
  object space 1181184K, 99% used [0x0000000080000000,0x00000000c8108968,0x00000000c8180000)
 Metaspace       used 71512K, committed 73344K, reserved 1114112K
  class space    used 7447K, committed 8256K, reserved 1048576K
}
Event: 674.686 GC heap before
{Heap before GC invocations=1611 (full 3):
 PSYoungGen      total 4608K, used 4602K [0x00000000d5580000, 0x00000000d5b80000, 0x0000000100000000)
  eden space 4096K, 100% used [0x00000000d5580000,0x00000000d5980000,0x00000000d5980000)
  from space 512K, 98% used [0x00000000d5a00000,0x00000000d5a7e900,0x00000000d5a80000)
  to   space 1024K, 0% used [0x00000000d5a80000,0x00000000d5a80000,0x00000000d5b80000)
 ParOldGen       total 1181184K, used 1180706K [0x0000000080000000, 0x00000000c8180000, 0x00000000d5580000)
  object space 1181184K, 99% used [0x0000000080000000,0x00000000c8108968,0x00000000c8180000)
 Metaspace       used 71512K, committed 73344K, reserved 1114112K
  class space    used 7447K, committed 8256K, reserved 1048576K
}
Event: 674.688 GC heap after
{Heap after GC invocations=1611 (full 3):
 PSYoungGen      total 4608K, used 308K [0x00000000d5580000, 0x00000000d5b00000, 0x0000000100000000)
  eden space 4096K, 0% used [0x00000000d5580000,0x00000000d5580000,0x00000000d5980000)
  from space 512K, 60% used [0x00000000d5a80000,0x00000000d5acd200,0x00000000d5b00000)
  to   space 512K, 0% used [0x00000000d5a00000,0x00000000d5a00000,0x00000000d5a80000)
 ParOldGen       total 1181184K, used 1180770K [0x0000000080000000, 0x00000000c8180000, 0x00000000d5580000)
  object space 1181184K, 99% used [0x0000000080000000,0x00000000c8118968,0x00000000c8180000)
 Metaspace       used 71512K, committed 73344K, reserved 1114112K
  class space    used 7447K, committed 8256K, reserved 1048576K
}
Event: 674.709 GC heap before
{Heap before GC invocations=1612 (full 3):
 PSYoungGen      total 4608K, used 4404K [0x00000000d5580000, 0x00000000d5b00000, 0x0000000100000000)
  eden space 4096K, 100% used [0x00000000d5580000,0x00000000d5980000,0x00000000d5980000)
  from space 512K, 60% used [0x00000000d5a80000,0x00000000d5acd200,0x00000000d5b00000)
  to   space 512K, 0% used [0x00000000d5a00000,0x00000000d5a00000,0x00000000d5a80000)
 ParOldGen       total 1181184K, used 1180770K [0x0000000080000000, 0x00000000c8180000, 0x00000000d5580000)
  object space 1181184K, 99% used [0x0000000080000000,0x00000000c8118968,0x00000000c8180000)
 Metaspace       used 71520K, committed 73344K, reserved 1114112K
  class space    used 7447K, committed 8256K, reserved 1048576K
}
Event: 674.713 GC heap after
{Heap after GC invocations=1612 (full 3):
 PSYoungGen      total 4608K, used 314K [0x00000000d5580000, 0x00000000d5b00000, 0x0000000100000000)
  eden space 4096K, 0% used [0x00000000d5580000,0x00000000d5580000,0x00000000d5980000)
  from space 512K, 61% used [0x00000000d5a00000,0x00000000d5a4e900,0x00000000d5a80000)
  to   space 512K, 0% used [0x00000000d5a80000,0x00000000d5a80000,0x00000000d5b00000)
 ParOldGen       total 1181184K, used 1180826K [0x0000000080000000, 0x00000000c8180000, 0x00000000d5580000)
  object space 1181184K, 99% used [0x0000000080000000,0x00000000c8126968,0x00000000c8180000)
 Metaspace       used 71520K, committed 73344K, reserved 1114112K
  class space    used 7447K, committed 8256K, reserved 1048576K
}
Event: 674.737 GC heap before
{Heap before GC invocations=1613 (full 3):
 PSYoungGen      total 4608K, used 4410K [0x00000000d5580000, 0x00000000d5b00000, 0x0000000100000000)
  eden space 4096K, 100% used [0x00000000d5580000,0x00000000d5980000,0x00000000d5980000)
  from space 512K, 61% used [0x00000000d5a00000,0x00000000d5a4e900,0x00000000d5a80000)
  to   space 512K, 0% used [0x00000000d5a80000,0x00000000d5a80000,0x00000000d5b00000)
 ParOldGen       total 1181184K, used 1180826K [0x0000000080000000, 0x00000000c8180000, 0x00000000d5580000)
  object space 1181184K, 99% used [0x0000000080000000,0x00000000c8126968,0x00000000c8180000)
 Metaspace       used 71522K, committed 73344K, reserved 1114112K
  class space    used 7447K, committed 8256K, reserved 1048576K
}
Event: 674.740 GC heap after
{Heap after GC invocations=1613 (full 3):
 PSYoungGen      total 4608K, used 506K [0x00000000d5580000, 0x00000000d5b80000, 0x0000000100000000)
  eden space 4096K, 0% used [0x00000000d5580000,0x00000000d5580000,0x00000000d5980000)
  from space 512K, 98% used [0x00000000d5a80000,0x00000000d5afe900,0x00000000d5b00000)
  to   space 1024K, 0% used [0x00000000d5980000,0x00000000d5980000,0x00000000d5a80000)
 ParOldGen       total 1181184K, used 1180858K [0x0000000080000000, 0x00000000c8180000, 0x00000000d5580000)
  object space 1181184K, 99% used [0x0000000080000000,0x00000000c812e968,0x00000000c8180000)
 Metaspace       used 71522K, committed 73344K, reserved 1114112K
  class space    used 7447K, committed 8256K, reserved 1048576K
}
Event: 674.754 GC heap before
{Heap before GC invocations=1614 (full 3):
 PSYoungGen      total 4608K, used 4602K [0x00000000d5580000, 0x00000000d5b80000, 0x0000000100000000)
  eden space 4096K, 100% used [0x00000000d5580000,0x00000000d5980000,0x00000000d5980000)
  from space 512K, 98% used [0x00000000d5a80000,0x00000000d5afe900,0x00000000d5b00000)
  to   space 1024K, 0% used [0x00000000d5980000,0x00000000d5980000,0x00000000d5a80000)
 ParOldGen       total 1181184K, used 1180858K [0x0000000080000000, 0x00000000c8180000, 0x00000000d5580000)
  object space 1181184K, 99% used [0x0000000080000000,0x00000000c812e968,0x00000000c8180000)
 Metaspace       used 71524K, committed 73344K, reserved 1114112K
  class space    used 7447K, committed 8256K, reserved 1048576K
}
Event: 675.772 GC heap after
{Heap after GC invocations=1614 (full 3):
 PSYoungGen      total 5120K, used 378K [0x00000000d5580000, 0x00000000d5b80000, 0x0000000100000000)
  eden space 4096K, 0% used [0x00000000d5580000,0x00000000d5580000,0x00000000d5980000)
  from space 1024K, 36% used [0x00000000d5980000,0x00000000d59de900,0x00000000d5a80000)
  to   space 512K, 0% used [0x00000000d5b00000,0x00000000d5b00000,0x00000000d5b80000)
 ParOldGen       total 1181696K, used 1181326K [0x0000000080000000, 0x00000000c8200000, 0x00000000d5580000)
  object space 1181696K, 99% used [0x0000000080000000,0x00000000c81a3b68,0x00000000c8200000)
 Metaspace       used 71524K, committed 73344K, reserved 1114112K
  class space    used 7447K, committed 8256K, reserved 1048576K
}
Event: 675.805 GC heap before
{Heap before GC invocations=1615 (full 3):
 PSYoungGen      total 5120K, used 4473K [0x00000000d5580000, 0x00000000d5b80000, 0x0000000100000000)
  eden space 4096K, 99% used [0x00000000d5580000,0x00000000d597fb58,0x00000000d5980000)
  from space 1024K, 36% used [0x00000000d5980000,0x00000000d59de900,0x00000000d5a80000)
  to   space 512K, 0% used [0x00000000d5b00000,0x00000000d5b00000,0x00000000d5b80000)
 ParOldGen       total 1181696K, used 1181326K [0x0000000080000000, 0x00000000c8200000, 0x00000000d5580000)
  object space 1181696K, 99% used [0x0000000080000000,0x00000000c81a3b68,0x00000000c8200000)
 Metaspace       used 71525K, committed 73344K, reserved 1114112K
  class space    used 7447K, committed 8256K, reserved 1048576K
}
Event: 675.808 GC heap after
{Heap after GC invocations=1615 (full 3):
 PSYoungGen      total 5632K, used 224K [0x00000000d5580000, 0x00000000d5b80000, 0x0000000100000000)
  eden space 5120K, 0% used [0x00000000d5580000,0x00000000d5580000,0x00000000d5a80000)
  from space 512K, 43% used [0x00000000d5b00000,0x00000000d5b38000,0x00000000d5b80000)
  to   space 512K, 0% used [0x00000000d5a80000,0x00000000d5a80000,0x00000000d5b00000)
 ParOldGen       total 1181696K, used 1181454K [0x0000000080000000, 0x00000000c8200000, 0x00000000d5580000)
  object space 1181696K, 99% used [0x0000000080000000,0x00000000c81c3b68,0x00000000c8200000)
 Metaspace       used 71525K, committed 73344K, reserved 1114112K
  class space    used 7447K, committed 8256K, reserved 1048576K
}
Event: 675.862 GC heap before
{Heap before GC invocations=1616 (full 3):
 PSYoungGen      total 5632K, used 5253K [0x00000000d5580000, 0x00000000d5b80000, 0x0000000100000000)
  eden space 5120K, 98% used [0x00000000d5580000,0x00000000d5a69630,0x00000000d5a80000)
  from space 512K, 43% used [0x00000000d5b00000,0x00000000d5b38000,0x00000000d5b80000)
  to   space 512K, 0% used [0x00000000d5a80000,0x00000000d5a80000,0x00000000d5b00000)
 ParOldGen       total 1181696K, used 1181454K [0x0000000080000000, 0x00000000c8200000, 0x00000000d5580000)
  object space 1181696K, 99% used [0x0000000080000000,0x00000000c81c3b68,0x00000000c8200000)
 Metaspace       used 71561K, committed 73344K, reserved 1114112K
  class space    used 7450K, committed 8256K, reserved 1048576K
}
Event: 676.869 GC heap after
{Heap after GC invocations=1616 (full 3):
 PSYoungGen      total 5632K, used 340K [0x00000000d5580000, 0x00000000d5c80000, 0x0000000100000000)
  eden space 5120K, 0% used [0x00000000d5580000,0x00000000d5580000,0x00000000d5a80000)
  from space 512K, 66% used [0x00000000d5a80000,0x00000000d5ad5200,0x00000000d5b00000)
  to   space 512K, 0% used [0x00000000d5c00000,0x00000000d5c00000,0x00000000d5c80000)
 ParOldGen       total 1181696K, used 1181494K [0x0000000080000000, 0x00000000c8200000, 0x00000000d5580000)
  object space 1181696K, 99% used [0x0000000080000000,0x00000000c81cdb68,0x00000000c8200000)
 Metaspace       used 71561K, committed 73344K, reserved 1114112K
  class space    used 7450K, committed 8256K, reserved 1048576K
}

